0 info it worked if it ends with ok
1 verbose cli [ '/usr/local/bin/node', '/usr/local/bin/npm', 'run', 'test' ]
2 info using npm@3.4.0
3 info using node@v4.2.2
4 verbose run-script [ 'pretest', 'test', 'posttest' ]
5 info lifecycle riot-opt-types@1.0.0~pretest: riot-opt-types@1.0.0
6 silly lifecycle riot-opt-types@1.0.0~pretest: no script for pretest, continuing
7 info lifecycle riot-opt-types@1.0.0~test: riot-opt-types@1.0.0
8 verbose lifecycle riot-opt-types@1.0.0~test: unsafe-perm in lifecycle true
9 verbose lifecycle riot-opt-types@1.0.0~test: PATH: /usr/local/lib/node_modules/npm/bin/node-gyp-bin:/Users/jschrader/Documents/Work/riot-opt-types/node_modules/.bin:/usr/local/bin:/usr/bin:/bin:/usr/sbin:/sbin:/usr/local/munki
10 verbose lifecycle riot-opt-types@1.0.0~test: CWD: /Users/jschrader/Documents/Work/riot-opt-types
11 silly lifecycle riot-opt-types@1.0.0~test: Args: [ '-c', 'karma start' ]
12 silly lifecycle riot-opt-types@1.0.0~test: Returned: code: 1  signal: null
13 info lifecycle riot-opt-types@1.0.0~test: Failed to exec test script
14 verbose stack Error: riot-opt-types@1.0.0 test: `karma start`
14 verbose stack Exit status 1
14 verbose stack     at EventEmitter.<anonymous> (/usr/local/lib/node_modules/npm/lib/utils/lifecycle.js:232:16)
14 verbose stack     at emitTwo (events.js:87:13)
14 verbose stack     at EventEmitter.emit (events.js:172:7)
14 verbose stack     at ChildProcess.<anonymous> (/usr/local/lib/node_modules/npm/lib/utils/spawn.js:24:14)
14 verbose stack     at emitTwo (events.js:87:13)
14 verbose stack     at ChildProcess.emit (events.js:172:7)
14 verbose stack     at maybeClose (internal/child_process.js:818:16)
14 verbose stack     at Process.ChildProcess._handle.onexit (internal/child_process.js:211:5)
15 verbose pkgid riot-opt-types@1.0.0
16 verbose cwd /Users/jschrader/Documents/Work/riot-opt-types
17 error Darwin 15.5.0
18 error argv "/usr/local/bin/node" "/usr/local/bin/npm" "run" "test"
19 error node v4.2.2
20 error npm  v3.4.0
21 error code ELIFECYCLE
22 error riot-opt-types@1.0.0 test: `karma start`
22 error Exit status 1
23 error Failed at the riot-opt-types@1.0.0 test script 'karma start'.
23 error Make sure you have the latest version of node.js and npm installed.
23 error If you do, this is most likely a problem with the riot-opt-types package,
23 error not with npm itself.
23 error Tell the author that this fails on your system:
23 error     karma start
23 error You can get their info via:
23 error     npm owner ls riot-opt-types
23 error There is likely additional logging output above.
24 verbose exit [ 1, true ]
